<?xml version="1.0" encoding="UTF-8"?>
<!-- Generated by org.testng.reporters.JUnitReportReporter -->
<testsuite hostname="LAPTOP-9722KU4D" failures="0" tests="2" name="com.testNG.AddEmployee" time="30.002" errors="0" timestamp="2023-06-02T11:47:52 IST" skipped="0">
  <testcase classname="com.testNG.AddEmployee" name="login" time="2.582"/>
  <system-out/>
  <testcase classname="com.testNG.AddEmployee" name="AddEmployee" time="27.420"/>
  <system-out/>
</testsuite> <!-- com.testNG.AddEmployee -->
