<?xml version="1.0" encoding="UTF-8"?>
<!-- Generated by org.testng.reporters.JUnitReportReporter -->
<testsuite hostname="LAPTOP-9722KU4D" failures="0" tests="1" name="com.testNG.OrangeHRM_Login" time="2.916" errors="0" timestamp="2023-06-01T12:44:42 IST" skipped="0">
  <testcase classname="com.testNG.OrangeHRM_Login" name="login" time="2.916"/>
  <system-out/>
</testsuite> <!-- com.testNG.OrangeHRM_Login -->
