<?xml version="1.0" encoding="UTF-8"?>
<!-- Generated by org.testng.reporters.JUnitReportReporter -->
<testsuite hostname="LAPTOP-9722KU4D" failures="0" tests="6" name="com.testNG.Annotations" time="0.068" errors="0" timestamp="2023-05-30T19:55:54 IST" skipped="1">
  <testcase classname="com.testNG.Annotations" name="gmailApplicationLaunch" time="0.013"/>
  <system-out/>
  <testcase classname="com.testNG.Annotations" name="gmailInboxTest" time="0.003"/>
  <system-out/>
  <testcase classname="com.testNG.Annotations" name="gmailComposemailTest" time="0.025"/>
  <system-out/>
  <testcase classname="com.testNG.Annotations" name="gmailSentmailTest" time="0.008"/>
  <system-out/>
  <testcase classname="com.testNG.Annotations" name="gmailApplicationclose" time="0.019"/>
  <system-out/>
  <testcase classname="com.testNG.Annotations" name="gmailDraftTest">
    <skipped/>
  </testcase> <!-- gmailDraftTest -->
  <system-out/>
</testsuite> <!-- com.testNG.Annotations -->
